{"D:\\loopr-work\\Test\\testing_1\\sum.js": {"path":"D:\\loopr-work\\Test\\testing_1\\sum.js","statementMap":{"0":{"start":{"line":2,"column":4},"end":{"line":2,"column":17}},"1":{"start":{"line":5,"column":0},"end":{"line":5,"column":21}}},"fnMap":{"0":{"name":"sum","decl":{"start":{"line":1,"column":9},"end":{"line":1,"column":12}},"loc":{"start":{"line":1,"column":19},"end":{"line":3,"column":1}},"line":1}},"branchMap":{},"s":{"0":1,"1":1},"f":{"0":1},"b":{},"_coverageSchema":"1a1c01bbd47fc00a2c39e90264f33305004495a9","hash":"c3b7cd285dac95cac2e10df04973122a09c0afa8"}
,"D:\\loopr-work\\Test\\testing_2\\fetch-data.js": {"path":"D:\\loopr-work\\Test\\testing_2\\fetch-data.js","statementMap":{"0":{"start":{"line":2,"column":4},"end":{"line":10,"column":7}},"1":{"start":{"line":3,"column":8},"end":{"line":9,"column":17}},"2":{"start":{"line":4,"column":12},"end":{"line":8,"column":13}},"3":{"start":{"line":5,"column":16},"end":{"line":5,"column":32}},"4":{"start":{"line":7,"column":16},"end":{"line":7,"column":41}},"5":{"start":{"line":13,"column":0},"end":{"line":13,"column":27}}},"fnMap":{"0":{"name":"fetchData","decl":{"start":{"line":1,"column":9},"end":{"line":1,"column":18}},"loc":{"start":{"line":1,"column":39},"end":{"line":11,"column":1}},"line":1},"1":{"name":"(anonymous_1)","decl":{"start":{"line":2,"column":23},"end":{"line":2,"column":24}},"loc":{"start":{"line":2,"column":44},"end":{"line":10,"column":5}},"line":2},"2":{"name":"(anonymous_2)","decl":{"start":{"line":3,"column":19},"end":{"line":3,"column":20}},"loc":{"start":{"line":3,"column":25},"end":{"line":9,"column":9}},"line":3}},"branchMap":{"0":{"loc":{"start":{"line":1,"column":19},"end":{"line":1,"column":37}},"type":"default-arg","locations":[{"start":{"line":1,"column":32},"end":{"line":1,"column":37}}],"line":1},"1":{"loc":{"start":{"line":4,"column":12},"end":{"line":8,"column":13}},"type":"if","locations":[{"start":{"line":4,"column":12},"end":{"line":8,"column":13}},{"start":{"line":6,"column":19},"end":{"line":8,"column":13}}],"line":4}},"s":{"0":4,"1":4,"2":4,"3":2,"4":2,"5":1},"f":{"0":4,"1":4,"2":4},"b":{"0":[2],"1":[2,2]},"_coverageSchema":"1a1c01bbd47fc00a2c39e90264f33305004495a9","hash":"227a82c5e82504d046697252bd7cd07773b82633"}
,"D:\\loopr-work\\Test\\testing_3\\forEach.js": {"path":"D:\\loopr-work\\Test\\testing_3\\forEach.js","statementMap":{"0":{"start":{"line":3,"column":4},"end":{"line":5,"column":5}},"1":{"start":{"line":4,"column":8},"end":{"line":4,"column":23}},"2":{"start":{"line":8,"column":0},"end":{"line":8,"column":25}}},"fnMap":{"0":{"name":"forEach","decl":{"start":{"line":2,"column":9},"end":{"line":2,"column":16}},"loc":{"start":{"line":2,"column":34},"end":{"line":6,"column":1}},"line":2}},"branchMap":{},"s":{"0":1,"1":2,"2":1},"f":{"0":1},"b":{},"_coverageSchema":"1a1c01bbd47fc00a2c39e90264f33305004495a9","hash":"a1e57b15e90ebff753c904f724cf8b863a9a8571"}
,"D:\\loopr-work\\Test\\testing_3\\user-api.js": {"path":"D:\\loopr-work\\Test\\testing_3\\user-api.js","statementMap":{"0":{"start":{"line":3,"column":4},"end":{"line":8,"column":7}},"1":{"start":{"line":5,"column":8},"end":{"line":7,"column":16}},"2":{"start":{"line":6,"column":12},"end":{"line":6,"column":54}},"3":{"start":{"line":11,"column":0},"end":{"line":11,"column":27}}},"fnMap":{"0":{"name":"fetch","decl":{"start":{"line":2,"column":9},"end":{"line":2,"column":14}},"loc":{"start":{"line":2,"column":23},"end":{"line":9,"column":1}},"line":2},"1":{"name":"(anonymous_1)","decl":{"start":{"line":3,"column":23},"end":{"line":3,"column":24}},"loc":{"start":{"line":3,"column":36},"end":{"line":8,"column":5}},"line":3},"2":{"name":"(anonymous_2)","decl":{"start":{"line":5,"column":19},"end":{"line":5,"column":20}},"loc":{"start":{"line":5,"column":25},"end":{"line":7,"column":9}},"line":5}},"branchMap":{},"s":{"0":0,"1":0,"2":0,"3":1},"f":{"0":0,"1":0,"2":0},"b":{},"_coverageSchema":"1a1c01bbd47fc00a2c39e90264f33305004495a9","hash":"f17ad53832d3b129c179386f00884cd206367f0b"}
,"D:\\loopr-work\\Test\\testing_3\\user-service.js": {"path":"D:\\loopr-work\\Test\\testing_3\\user-service.js","statementMap":{"0":{"start":{"line":1,"column":16},"end":{"line":1,"column":37}},"1":{"start":{"line":4,"column":4},"end":{"line":7,"column":7}},"2":{"start":{"line":5,"column":8},"end":{"line":5,"column":44}},"3":{"start":{"line":6,"column":8},"end":{"line":6,"column":20}},"4":{"start":{"line":10,"column":0},"end":{"line":10,"column":31}}},"fnMap":{"0":{"name":"fetchUser","decl":{"start":{"line":3,"column":9},"end":{"line":3,"column":18}},"loc":{"start":{"line":3,"column":27},"end":{"line":8,"column":1}},"line":3},"1":{"name":"(anonymous_1)","decl":{"start":{"line":4,"column":38},"end":{"line":4,"column":39}},"loc":{"start":{"line":4,"column":46},"end":{"line":7,"column":5}},"line":4}},"branchMap":{},"s":{"0":1,"1":2,"2":1,"3":1,"4":1},"f":{"0":2,"1":1},"b":{},"_coverageSchema":"1a1c01bbd47fc00a2c39e90264f33305004495a9","hash":"1a1b04f16fa5e7924093eb642b2bd225e437865e"}
,"D:\\loopr-work\\Test\\testing_4\\user-generator.js": {"path":"D:\\loopr-work\\Test\\testing_4\\user-generator.js","statementMap":{"0":{"start":{"line":2,"column":4},"end":{"line":8,"column":6}},"1":{"start":{"line":11,"column":0},"end":{"line":11,"column":32}}},"fnMap":{"0":{"name":"createUser","decl":{"start":{"line":1,"column":9},"end":{"line":1,"column":19}},"loc":{"start":{"line":1,"column":41},"end":{"line":9,"column":1}},"line":1}},"branchMap":{},"s":{"0":2,"1":1},"f":{"0":2},"b":{},"_coverageSchema":"1a1c01bbd47fc00a2c39e90264f33305004495a9","hash":"997c377bfad7c7d8f7783bc6c766b63f47e17ca6"}
,"D:\\loopr-work\\Test\\testing_5\\credit-score.js": {"path":"D:\\loopr-work\\Test\\testing_5\\credit-score.js","statementMap":{"0":{"start":{"line":2,"column":16},"end":{"line":2,"column":19}},"1":{"start":{"line":4,"column":4},"end":{"line":6,"column":5}},"2":{"start":{"line":5,"column":8},"end":{"line":5,"column":21}},"3":{"start":{"line":8,"column":4},"end":{"line":12,"column":5}},"4":{"start":{"line":9,"column":8},"end":{"line":9,"column":21}},"5":{"start":{"line":11,"column":8},"end":{"line":11,"column":21}},"6":{"start":{"line":14,"column":4},"end":{"line":16,"column":5}},"7":{"start":{"line":15,"column":8},"end":{"line":15,"column":20}},"8":{"start":{"line":18,"column":4},"end":{"line":18,"column":17}},"9":{"start":{"line":21,"column":0},"end":{"line":21,"column":36}}},"fnMap":{"0":{"name":"getCreditScore","decl":{"start":{"line":1,"column":9},"end":{"line":1,"column":23}},"loc":{"start":{"line":1,"column":34},"end":{"line":19,"column":1}},"line":1}},"branchMap":{"0":{"loc":{"start":{"line":4,"column":4},"end":{"line":6,"column":5}},"type":"if","locations":[{"start":{"line":4,"column":4},"end":{"line":6,"column":5}},{"start":{},"end":{}}],"line":4},"1":{"loc":{"start":{"line":8,"column":4},"end":{"line":12,"column":5}},"type":"if","locations":[{"start":{"line":8,"column":4},"end":{"line":12,"column":5}},{"start":{"line":10,"column":11},"end":{"line":12,"column":5}}],"line":8},"2":{"loc":{"start":{"line":14,"column":4},"end":{"line":16,"column":5}},"type":"if","locations":[{"start":{"line":14,"column":4},"end":{"line":16,"column":5}},{"start":{},"end":{}}],"line":14}},"s":{"0":2,"1":2,"2":0,"3":2,"4":1,"5":1,"6":2,"7":0,"8":2,"9":1},"f":{"0":2},"b":{"0":[0,2],"1":[1,1],"2":[0,2]},"_coverageSchema":"1a1c01bbd47fc00a2c39e90264f33305004495a9","hash":"d4a2b51c9827714002af2eacf745ba4dca0c3eaa"}
}
