TN:
SF:testing_1\sum.js
FN:1,sum
FNF:1
FNH:1
FNDA:1,sum
DA:2,1
DA:5,1
LF:2
LH:2
BRF:0
BRH:0
end_of_record
TN:
SF:testing_2\fetch-data.js
FN:1,fetchData
FN:2,(anonymous_1)
FN:3,(anonymous_2)
FNF:3
FNH:3
FNDA:4,fetchData
FNDA:4,(anonymous_1)
FNDA:4,(anonymous_2)
DA:2,4
DA:3,4
DA:4,4
DA:5,2
DA:7,2
DA:13,1
LF:6
LH:6
BRDA:1,0,0,2
BRDA:4,1,0,2
BRDA:4,1,1,2
BRF:3
BRH:3
end_of_record
TN:
SF:testing_3\forEach.js
FN:2,forEach
FNF:1
FNH:1
FNDA:1,forEach
DA:3,1
DA:4,2
DA:8,1
LF:3
LH:3
BRF:0
BRH:0
end_of_record
TN:
SF:testing_3\user-api.js
FN:2,fetch
FN:3,(anonymous_1)
FN:5,(anonymous_2)
FNF:3
FNH:0
FNDA:0,fetch
FNDA:0,(anonymous_1)
FNDA:0,(anonymous_2)
DA:3,0
DA:5,0
DA:6,0
DA:11,1
LF:4
LH:1
BRF:0
BRH:0
end_of_record
TN:
SF:testing_3\user-service.js
FN:3,fetchUser
FN:4,(anonymous_1)
FNF:2
FNH:2
FNDA:2,fetchUser
FNDA:1,(anonymous_1)
DA:1,1
DA:4,2
DA:5,1
DA:6,1
DA:10,1
LF:5
LH:5
BRF:0
BRH:0
end_of_record
TN:
SF:testing_4\user-generator.js
FN:1,createUser
FNF:1
FNH:1
FNDA:2,createUser
DA:2,2
DA:11,1
LF:2
LH:2
BRF:0
BRH:0
end_of_record
TN:
SF:testing_5\credit-score.js
FN:1,getCreditScore
FNF:1
FNH:1
FNDA:2,getCreditScore
DA:2,2
DA:4,2
DA:5,0
DA:8,2
DA:9,1
DA:11,1
DA:14,2
DA:15,0
DA:18,2
DA:21,1
LF:10
LH:8
BRDA:4,0,0,0
BRDA:4,0,1,2
BRDA:8,1,0,1
BRDA:8,1,1,1
BRDA:14,2,0,0
BRDA:14,2,1,2
BRF:6
BRH:4
end_of_record
